2026-06-20 11:22:51  [INFO    ]  __main__: ============================================================
2026-06-20 11:22:51  [INFO    ]  __main__: Smart Parking Management System – Starting up
2026-06-20 11:22:51  [INFO    ]  __main__: BASE_DIR : C:\Users\phuon\OneDrive\Máy tính\ĐA TGMT
2026-06-20 11:22:51  [INFO    ]  __main__: DB_NAME  : C:\Users\phuon\OneDrive\Máy tính\ĐA TGMT\parking.db
2026-06-20 11:22:51  [INFO    ]  __main__: LOG_FILE : C:\Users\phuon\OneDrive\Máy tính\ĐA TGMT\logs\app.log
2026-06-20 11:22:51  [INFO    ]  __main__: ============================================================
2026-06-20 11:22:51  [INFO    ]  __main__: ✓ Plate detection (best.pt)           → C:\Users\phuon\OneDrive\Máy tính\ĐA TGMT\models\best.pt  (5.1 MB)
2026-06-20 11:22:51  [INFO    ]  __main__: ✓ OCR characters (best_ocr.pt)        → C:\Users\phuon\OneDrive\Máy tính\ĐA TGMT\models\best_ocr.pt  (5.2 MB)
2026-06-20 11:22:51  [INFO    ]  database.db_handler: Database initialized: C:\Users\phuon\OneDrive\Máy tính\ĐA TGMT\parking.db
2026-06-20 11:22:51  [INFO    ]  __main__: Database handler initialized.
2026-06-20 11:22:54  [INFO    ]  __main__: GUI launched. Entering mainloop.
2026-06-20 11:23:02  [INFO    ]  services.inference: Plate detection model loaded: C:\Users\phuon\OneDrive\Máy tính\ĐA TGMT\models\best.pt
2026-06-20 11:23:02  [INFO    ]  services.inference: OCR model loaded: C:\Users\phuon\OneDrive\Máy tính\ĐA TGMT\models\best_ocr.pt
2026-06-20 11:23:02  [INFO    ]  services.inference: OCR class names: {0: '0', 1: '1', 2: '2', 3: '3', 4: '4', 5: '5', 6: '6', 7: '7', 8: '8', 9: '9', 10: 'A', 11: 'B', 12: 'C', 13: 'D', 14: 'E', 15: 'F', 16: 'G', 17: 'H', 18: 'K', 19: 'L', 20: 'M', 21: 'N', 22: 'P', 23: 'R', 24: 'S', 25: 'T', 26: 'U', 27: 'V', 28: 'X', 29: 'Y', 30: 'Z'}
2026-06-20 11:23:02  [INFO    ]  gui.app: PlateInference loaded successfully.
2026-06-20 11:24:49  [INFO    ]  gui.app: Video selected: C:/Users/phuon/OneDrive/Máy tính/ĐA TGMT/videos/test_video_2.mp4
2026-06-20 11:25:26  [INFO    ]  gui.app: Video selected: C:/Users/phuon/OneDrive/Máy tính/ĐA TGMT/videos/test_video_2.mp4
2026-06-20 11:27:56  [INFO    ]  services.video_service: Video path set: C:/Users/phuon/OneDrive/Máy tính/ĐA TGMT/videos/test_video_2.mp4
2026-06-20 11:27:56  [INFO    ]  services.video_service: Video service thread started.
2026-06-20 11:27:56  [INFO    ]  gui.app: VideoService started for: C:/Users/phuon/OneDrive/Máy tính/ĐA TGMT/videos/test_video_2.mp4
2026-06-20 11:27:57  [INFO    ]  services.video_service: Video opened. FPS=30.0, path=C:/Users/phuon/OneDrive/Máy tính/ĐA TGMT/videos/test_video_2.mp4
2026-06-20 11:27:58  [INFO    ]  database.db_handler: Logged → plate=32195H828  event=IN  time=2026-06-20 11:27:58
2026-06-20 11:27:59  [INFO    ]  database.db_handler: Logged → plate=32195H28  event=IN  time=2026-06-20 11:27:59
2026-06-20 11:28:01  [INFO    ]  database.db_handler: Logged → plate=3400C111  event=IN  time=2026-06-20 11:28:01
2026-06-20 11:28:01  [INFO    ]  database.db_handler: Logged → plate=43040C111  event=IN  time=2026-06-20 11:28:01
2026-06-20 11:28:02  [INFO    ]  database.db_handler: Logged → plate=13040C111  event=IN  time=2026-06-20 11:28:02
2026-06-20 11:28:06  [INFO    ]  database.db_handler: Logged → plate=32195H828  event=OUT  time=2026-06-20 11:28:06
2026-06-20 11:28:07  [INFO    ]  database.db_handler: Logged → plate=43040C111  event=OUT  time=2026-06-20 11:28:07
2026-06-20 11:28:09  [INFO    ]  database.db_handler: Logged → plate=43040C11  event=IN  time=2026-06-20 11:28:09
2026-06-20 11:28:10  [INFO    ]  database.db_handler: Logged → plate=43040CC111  event=IN  time=2026-06-20 11:28:10
2026-06-20 11:28:11  [INFO    ]  database.db_handler: Logged → plate=32195H828  event=IN  time=2026-06-20 11:28:11
2026-06-20 11:28:12  [INFO    ]  database.db_handler: Logged → plate=43040C111  event=IN  time=2026-06-20 11:28:12
2026-06-20 11:28:13  [INFO    ]  database.db_handler: Logged → plate=2195H88  event=IN  time=2026-06-20 11:28:13
2026-06-20 11:28:16  [INFO    ]  database.db_handler: Logged → plate=321955H828  event=IN  time=2026-06-20 11:28:16
2026-06-20 11:28:16  [INFO    ]  database.db_handler: Logged → plate=32195H828  event=OUT  time=2026-06-20 11:28:16
2026-06-20 11:28:18  [INFO    ]  database.db_handler: Logged → plate=43040C111  event=OUT  time=2026-06-20 11:28:18
2026-06-20 11:28:19  [INFO    ]  database.db_handler: Logged → plate=34400S111  event=IN  time=2026-06-20 11:28:19
2026-06-20 11:28:22  [INFO    ]  database.db_handler: Logged → plate=412113481  event=IN  time=2026-06-20 11:28:22
2026-06-20 11:28:23  [INFO    ]  database.db_handler: Logged → plate=32195H828  event=IN  time=2026-06-20 11:28:23
2026-06-20 11:28:23  [INFO    ]  database.db_handler: Logged → plate=32195H82  event=IN  time=2026-06-20 11:28:23
2026-06-20 11:28:24  [INFO    ]  database.db_handler: Logged → plate=4711273B41  event=IN  time=2026-06-20 11:28:24
2026-06-20 11:28:28  [INFO    ]  database.db_handler: Logged → plate=471273B41  event=IN  time=2026-06-20 11:28:28
2026-06-20 11:28:28  [INFO    ]  database.db_handler: Logged → plate=417723B41  event=IN  time=2026-06-20 11:28:28
2026-06-20 11:28:29  [INFO    ]  database.db_handler: Logged → plate=41772B314  event=IN  time=2026-06-20 11:28:29
2026-06-20 11:28:30  [INFO    ]  database.db_handler: Logged → plate=441772B314  event=IN  time=2026-06-20 11:28:30
2026-06-20 11:28:31  [INFO    ]  database.db_handler: Logged → plate=4177728314  event=IN  time=2026-06-20 11:28:31
2026-06-20 11:28:31  [INFO    ]  database.db_handler: Logged → plate=1477228134  event=IN  time=2026-06-20 11:28:31
2026-06-20 11:28:32  [INFO    ]  database.db_handler: Logged → plate=14772134  event=IN  time=2026-06-20 11:28:32
2026-06-20 11:28:33  [INFO    ]  services.video_service: Video ended, stopping service.
2026-06-20 11:28:33  [INFO    ]  services.video_service: Video capture released.
2026-06-20 11:29:34  [INFO    ]  database.db_handler: All logs cleared.
2026-06-20 11:29:34  [INFO    ]  gui.app: All logs cleared by user.
2026-06-20 11:31:31  [INFO    ]  __main__: ============================================================
2026-06-20 11:31:31  [INFO    ]  __main__: Smart Parking Management System – Starting up
2026-06-20 11:31:31  [INFO    ]  __main__: BASE_DIR : C:\Users\phuon\OneDrive\Máy tính\ĐA TGMT
2026-06-20 11:31:31  [INFO    ]  __main__: DB_NAME  : C:\Users\phuon\OneDrive\Máy tính\ĐA TGMT\parking.db
2026-06-20 11:31:31  [INFO    ]  __main__: LOG_FILE : C:\Users\phuon\OneDrive\Máy tính\ĐA TGMT\logs\app.log
2026-06-20 11:31:31  [INFO    ]  __main__: ============================================================
2026-06-20 11:31:31  [INFO    ]  __main__: ✓ Plate detection (best.pt)           → C:\Users\phuon\OneDrive\Máy tính\ĐA TGMT\models\best.pt  (5.1 MB)
2026-06-20 11:31:31  [INFO    ]  __main__: ✓ OCR characters (best_ocr.pt)        → C:\Users\phuon\OneDrive\Máy tính\ĐA TGMT\models\best_ocr.pt  (5.2 MB)
2026-06-20 11:31:31  [INFO    ]  database.db_handler: Database initialized: C:\Users\phuon\OneDrive\Máy tính\ĐA TGMT\parking.db
2026-06-20 11:31:31  [INFO    ]  __main__: Database handler initialized.
2026-06-20 11:31:32  [INFO    ]  __main__: GUI launched. Entering mainloop.
2026-06-20 11:31:37  [INFO    ]  services.inference: Plate detection model loaded: C:\Users\phuon\OneDrive\Máy tính\ĐA TGMT\models\best.pt
2026-06-20 11:31:37  [INFO    ]  services.inference: OCR model loaded: C:\Users\phuon\OneDrive\Máy tính\ĐA TGMT\models\best_ocr.pt
2026-06-20 11:31:37  [INFO    ]  services.inference: OCR class names: {0: '0', 1: '1', 2: '2', 3: '3', 4: '4', 5: '5', 6: '6', 7: '7', 8: '8', 9: '9', 10: 'A', 11: 'B', 12: 'C', 13: 'D', 14: 'E', 15: 'F', 16: 'G', 17: 'H', 18: 'K', 19: 'L', 20: 'M', 21: 'N', 22: 'P', 23: 'R', 24: 'S', 25: 'T', 26: 'U', 27: 'V', 28: 'X', 29: 'Y', 30: 'Z'}
2026-06-20 11:31:37  [INFO    ]  gui.app: PlateInference loaded successfully.
2026-06-20 11:32:00  [INFO    ]  gui.app: Application closing...
2026-06-20 11:32:00  [INFO    ]  gui.app: VideoService stopped.
2026-06-20 11:32:00  [INFO    ]  __main__: Application exited.
2026-06-20 11:33:13  [INFO    ]  __main__: ============================================================
2026-06-20 11:33:13  [INFO    ]  __main__: Smart Parking Management System – Starting up
2026-06-20 11:33:13  [INFO    ]  __main__: BASE_DIR : C:\Users\phuon\OneDrive\Máy tính\ĐA TGMT
2026-06-20 11:33:13  [INFO    ]  __main__: DB_NAME  : C:\Users\phuon\OneDrive\Máy tính\ĐA TGMT\parking.db
2026-06-20 11:33:13  [INFO    ]  __main__: LOG_FILE : C:\Users\phuon\OneDrive\Máy tính\ĐA TGMT\logs\app.log
2026-06-20 11:33:13  [INFO    ]  __main__: ============================================================
2026-06-20 11:33:13  [INFO    ]  __main__: ✓ Plate detection (best.pt)           → C:\Users\phuon\OneDrive\Máy tính\ĐA TGMT\models\best.pt  (5.1 MB)
2026-06-20 11:33:13  [INFO    ]  __main__: ✓ OCR characters (best_ocr.pt)        → C:\Users\phuon\OneDrive\Máy tính\ĐA TGMT\models\best_ocr.pt  (5.2 MB)
2026-06-20 11:33:13  [INFO    ]  database.db_handler: Database initialized: C:\Users\phuon\OneDrive\Máy tính\ĐA TGMT\parking.db
2026-06-20 11:33:13  [INFO    ]  __main__: Database handler initialized.
2026-06-20 11:33:14  [INFO    ]  __main__: GUI launched. Entering mainloop.
2026-06-20 11:33:17  [INFO    ]  services.inference: Plate detection model loaded: C:\Users\phuon\OneDrive\Máy tính\ĐA TGMT\models\best.pt
2026-06-20 11:33:17  [INFO    ]  services.inference: OCR model loaded: C:\Users\phuon\OneDrive\Máy tính\ĐA TGMT\models\best_ocr.pt
2026-06-20 11:33:17  [INFO    ]  services.inference: OCR class names: {0: '0', 1: '1', 2: '2', 3: '3', 4: '4', 5: '5', 6: '6', 7: '7', 8: '8', 9: '9', 10: 'A', 11: 'B', 12: 'C', 13: 'D', 14: 'E', 15: 'F', 16: 'G', 17: 'H', 18: 'K', 19: 'L', 20: 'M', 21: 'N', 22: 'P', 23: 'R', 24: 'S', 25: 'T', 26: 'U', 27: 'V', 28: 'X', 29: 'Y', 30: 'Z'}
2026-06-20 11:33:17  [INFO    ]  gui.app: PlateInference loaded successfully.
2026-06-20 11:33:20  [INFO    ]  gui.app: Video selected (old video stopped): C:/Users/phuon/OneDrive/Máy tính/ĐA TGMT/videos/test_video_2.mp4
2026-06-20 11:33:26  [INFO    ]  services.video_service: Video path set: C:/Users/phuon/OneDrive/Máy tính/ĐA TGMT/videos/test_video_2.mp4
2026-06-20 11:33:26  [INFO    ]  services.video_service: Video service thread started.
2026-06-20 11:33:26  [INFO    ]  gui.app: VideoService started for: C:/Users/phuon/OneDrive/Máy tính/ĐA TGMT/videos/test_video_2.mp4
2026-06-20 11:33:26  [INFO    ]  services.video_service: Video opened. FPS=30.0, path=C:/Users/phuon/OneDrive/Máy tính/ĐA TGMT/videos/test_video_2.mp4
2026-06-20 11:33:26  [INFO    ]  database.db_handler: Logged → plate=32195H828  event=IN  time=2026-06-20 11:33:26
2026-06-20 11:33:27  [INFO    ]  database.db_handler: Logged → plate=32195H28  event=IN  time=2026-06-20 11:33:27
2026-06-20 11:33:29  [INFO    ]  database.db_handler: Logged → plate=3400C111  event=IN  time=2026-06-20 11:33:29
2026-06-20 11:33:30  [INFO    ]  database.db_handler: Logged → plate=43040C111  event=IN  time=2026-06-20 11:33:30
2026-06-20 11:33:30  [INFO    ]  database.db_handler: Logged → plate=13040C111  event=IN  time=2026-06-20 11:33:30
2026-06-20 11:33:34  [INFO    ]  database.db_handler: Logged → plate=32195H828  event=OUT  time=2026-06-20 11:33:34
2026-06-20 11:33:38  [INFO    ]  database.db_handler: Logged → plate=43040C11  event=IN  time=2026-06-20 11:33:38
2026-06-20 11:33:39  [INFO    ]  database.db_handler: Logged → plate=43040CC111  event=IN  time=2026-06-20 11:33:39
2026-06-20 11:33:41  [INFO    ]  database.db_handler: Logged → plate=2195H88  event=IN  time=2026-06-20 11:33:41
2026-06-20 11:33:44  [INFO    ]  database.db_handler: Logged → plate=321955H828  event=IN  time=2026-06-20 11:33:44
2026-06-20 11:33:47  [INFO    ]  database.db_handler: Logged → plate=34400S111  event=IN  time=2026-06-20 11:33:47
2026-06-20 11:33:50  [INFO    ]  database.db_handler: Logged → plate=412113481  event=IN  time=2026-06-20 11:33:50
2026-06-20 11:33:51  [INFO    ]  database.db_handler: Logged → plate=32195H82  event=IN  time=2026-06-20 11:33:51
2026-06-20 11:33:52  [INFO    ]  database.db_handler: Logged → plate=4711273B41  event=IN  time=2026-06-20 11:33:51
2026-06-20 11:33:55  [INFO    ]  database.db_handler: Logged → plate=471273B41  event=IN  time=2026-06-20 11:33:55
2026-06-20 11:33:56  [INFO    ]  database.db_handler: Logged → plate=417723B41  event=IN  time=2026-06-20 11:33:56
2026-06-20 11:33:57  [INFO    ]  database.db_handler: Logged → plate=41772B314  event=IN  time=2026-06-20 11:33:57
2026-06-20 11:33:57  [INFO    ]  database.db_handler: Logged → plate=441772B314  event=IN  time=2026-06-20 11:33:57
2026-06-20 11:33:58  [INFO    ]  database.db_handler: Logged → plate=4177728314  event=IN  time=2026-06-20 11:33:58
2026-06-20 11:33:59  [INFO    ]  database.db_handler: Logged → plate=1477228134  event=IN  time=2026-06-20 11:33:59
2026-06-20 11:33:59  [INFO    ]  database.db_handler: Logged → plate=14772134  event=IN  time=2026-06-20 11:33:59
2026-06-20 11:34:01  [INFO    ]  services.video_service: Video ended, stopping service.
2026-06-20 11:34:01  [INFO    ]  services.video_service: Video capture released.
2026-06-20 11:39:23  [INFO    ]  __main__: ============================================================
2026-06-20 11:39:23  [INFO    ]  __main__: Smart Parking Management System – Starting up
2026-06-20 11:39:23  [INFO    ]  __main__: BASE_DIR : C:\Users\phuon\OneDrive\Máy tính\ĐA TGMT
2026-06-20 11:39:23  [INFO    ]  __main__: DB_NAME  : C:\Users\phuon\OneDrive\Máy tính\ĐA TGMT\parking.db
2026-06-20 11:39:23  [INFO    ]  __main__: LOG_FILE : C:\Users\phuon\OneDrive\Máy tính\ĐA TGMT\logs\app.log
2026-06-20 11:39:23  [INFO    ]  __main__: ============================================================
2026-06-20 11:39:23  [INFO    ]  __main__: ✓ Plate detection (best.pt)           → C:\Users\phuon\OneDrive\Máy tính\ĐA TGMT\models\best.pt  (5.1 MB)
2026-06-20 11:39:23  [INFO    ]  __main__: ✓ OCR characters (best_ocr.pt)        → C:\Users\phuon\OneDrive\Máy tính\ĐA TGMT\models\best_ocr.pt  (5.2 MB)
2026-06-20 11:39:23  [INFO    ]  database.db_handler: Database initialized: C:\Users\phuon\OneDrive\Máy tính\ĐA TGMT\parking.db
2026-06-20 11:39:23  [INFO    ]  __main__: Database handler initialized.
2026-06-20 11:39:24  [INFO    ]  __main__: GUI launched. Entering mainloop.
2026-06-20 11:39:27  [INFO    ]  services.inference: Plate detection model loaded: C:\Users\phuon\OneDrive\Máy tính\ĐA TGMT\models\best.pt
2026-06-20 11:39:27  [INFO    ]  services.inference: OCR model loaded: C:\Users\phuon\OneDrive\Máy tính\ĐA TGMT\models\best_ocr.pt
2026-06-20 11:39:27  [INFO    ]  services.inference: OCR class names: {0: '0', 1: '1', 2: '2', 3: '3', 4: '4', 5: '5', 6: '6', 7: '7', 8: '8', 9: '9', 10: 'A', 11: 'B', 12: 'C', 13: 'D', 14: 'E', 15: 'F', 16: 'G', 17: 'H', 18: 'K', 19: 'L', 20: 'M', 21: 'N', 22: 'P', 23: 'R', 24: 'S', 25: 'T', 26: 'U', 27: 'V', 28: 'X', 29: 'Y', 30: 'Z'}
2026-06-20 11:39:27  [INFO    ]  gui.app: PlateInference loaded successfully.
2026-06-20 11:39:29  [INFO    ]  gui.app: Video selected (old video stopped): C:/Users/phuon/OneDrive/Máy tính/ĐA TGMT/videos/test_video_2.mp4
2026-06-20 11:39:33  [INFO    ]  services.video_service: Video path set: C:/Users/phuon/OneDrive/Máy tính/ĐA TGMT/videos/test_video_2.mp4
2026-06-20 11:39:33  [INFO    ]  services.video_service: Video service thread started.
2026-06-20 11:39:33  [INFO    ]  gui.app: VideoService started for: C:/Users/phuon/OneDrive/Máy tính/ĐA TGMT/videos/test_video_2.mp4
2026-06-20 11:39:33  [INFO    ]  services.video_service: Video opened. FPS=30.0, path=C:/Users/phuon/OneDrive/Máy tính/ĐA TGMT/videos/test_video_2.mp4
2026-06-20 11:39:34  [INFO    ]  database.db_handler: Logged → plate=32195H828  event=IN  time=2026-06-20 11:39:34
2026-06-20 11:39:37  [INFO    ]  database.db_handler: Logged → plate=3400C111  event=OUT  time=2026-06-20 11:39:37
2026-06-20 11:39:37  [INFO    ]  database.db_handler: All logs cleared.
2026-06-20 11:39:37  [INFO    ]  gui.app: All logs cleared by user.
2026-06-20 11:39:37  [INFO    ]  database.db_handler: Logged → plate=43040C111  event=IN  time=2026-06-20 11:39:37
2026-06-20 11:39:42  [INFO    ]  database.db_handler: Logged → plate=32195H828  event=IN  time=2026-06-20 11:39:42
2026-06-20 11:39:55  [INFO    ]  database.db_handler: Logged → plate=34400S111  event=IN  time=2026-06-20 11:39:55
2026-06-20 11:39:57  [INFO    ]  database.db_handler: Logged → plate=412113481  event=IN  time=2026-06-20 11:39:57
2026-06-20 11:39:59  [INFO    ]  database.db_handler: Logged → plate=4711273B41  event=IN  time=2026-06-20 11:39:59
2026-06-20 11:40:04  [INFO    ]  database.db_handler: Logged → plate=417723B41  event=IN  time=2026-06-20 11:40:04
2026-06-20 11:40:04  [INFO    ]  database.db_handler: Logged → plate=41772B314  event=IN  time=2026-06-20 11:40:04
2026-06-20 11:40:06  [INFO    ]  database.db_handler: Logged → plate=1477228134  event=IN  time=2026-06-20 11:40:06
2026-06-20 11:40:07  [INFO    ]  services.video_service: Video capture released.
2026-06-20 11:40:07  [INFO    ]  services.video_service: Video service stopped.
2026-06-20 11:40:08  [INFO    ]  gui.app: VideoService stopped.
2026-06-20 11:57:03  [INFO    ]  __main__: ============================================================
2026-06-20 11:57:03  [INFO    ]  __main__: Smart Parking Management System – Starting up
2026-06-20 11:57:03  [INFO    ]  __main__: BASE_DIR : C:\Users\phuon\OneDrive\Máy tính\ĐA TGMT
2026-06-20 11:57:03  [INFO    ]  __main__: DB_NAME  : C:\Users\phuon\OneDrive\Máy tính\ĐA TGMT\parking.db
2026-06-20 11:57:03  [INFO    ]  __main__: LOG_FILE : C:\Users\phuon\OneDrive\Máy tính\ĐA TGMT\logs\app.log
2026-06-20 11:57:03  [INFO    ]  __main__: ============================================================
2026-06-20 11:57:03  [INFO    ]  __main__: ✓ Plate detection (best.pt)           → C:\Users\phuon\OneDrive\Máy tính\ĐA TGMT\models\best.pt  (5.1 MB)
2026-06-20 11:57:03  [INFO    ]  __main__: ✓ OCR characters (best_ocr.pt)        → C:\Users\phuon\OneDrive\Máy tính\ĐA TGMT\models\best_ocr.pt  (5.2 MB)
2026-06-20 11:57:03  [INFO    ]  database.db_handler: Database initialized: C:\Users\phuon\OneDrive\Máy tính\ĐA TGMT\parking.db
2026-06-20 11:57:03  [INFO    ]  __main__: Database handler initialized.
2026-06-20 11:57:04  [INFO    ]  __main__: GUI launched. Entering mainloop.
2026-06-20 11:57:07  [INFO    ]  gui.app: Application closing...
2026-06-20 11:57:07  [INFO    ]  gui.app: VideoService stopped.
2026-06-20 11:57:07  [INFO    ]  __main__: Application exited.
2026-06-20 11:57:08  [INFO    ]  services.inference: Plate detection model loaded: C:\Users\phuon\OneDrive\Máy tính\ĐA TGMT\models\best.pt
2026-06-20 11:57:08  [INFO    ]  services.inference: OCR model loaded: C:\Users\phuon\OneDrive\Máy tính\ĐA TGMT\models\best_ocr.pt
2026-06-20 11:57:08  [INFO    ]  services.inference: OCR class names: {0: '0', 1: '1', 2: '2', 3: '3', 4: '4', 5: '5', 6: '6', 7: '7', 8: '8', 9: '9', 10: 'A', 11: 'B', 12: 'C', 13: 'D', 14: 'E', 15: 'F', 16: 'G', 17: 'H', 18: 'K', 19: 'L', 20: 'M', 21: 'N', 22: 'P', 23: 'R', 24: 'S', 25: 'T', 26: 'U', 27: 'V', 28: 'X', 29: 'Y', 30: 'Z'}
2026-06-20 11:57:08  [INFO    ]  gui.app: PlateInference loaded successfully.
2026-06-20 11:57:12  [INFO    ]  gui.app: Video selected (old video stopped): C:/Users/phuon/OneDrive/Máy tính/ĐA TGMT/videos/test_video_2.mp4
2026-06-20 11:57:15  [INFO    ]  services.video_service: Video path set: C:/Users/phuon/OneDrive/Máy tính/ĐA TGMT/videos/test_video_2.mp4
2026-06-20 11:57:15  [INFO    ]  services.video_service: Video service thread started.
2026-06-20 11:57:15  [INFO    ]  gui.app: VideoService started for: C:/Users/phuon/OneDrive/Máy tính/ĐA TGMT/videos/test_video_2.mp4
2026-06-20 11:57:15  [INFO    ]  services.video_service: Video opened. FPS=30.0, path=C:/Users/phuon/OneDrive/Máy tính/ĐA TGMT/videos/test_video_2.mp4
2026-06-20 11:57:20  [INFO    ]  services.video_service: Track #1 finished. Total frames=66, OCR detections=5, ocr_results=['32195H828', '32195H828', '32195H28', '32195H828', '32195H828'], voted=32195H828
2026-06-20 11:57:20  [INFO    ]  database.db_handler: Logged → plate=32195H828  event=OUT  time=2026-06-20 11:57:20
2026-06-20 11:57:20  [INFO    ]  services.video_service: Track #2 finished. Total frames=27, OCR detections=1, ocr_results=['3400C111'], voted=3400C111
2026-06-20 11:57:20  [INFO    ]  services.video_service: Track #2 discarded (frames 27 < 5 or detections 1 < 3)
2026-06-20 11:57:21  [INFO    ]  services.video_service: Track #3 finished. Total frames=26, OCR detections=1, ocr_results=['43040C111'], voted=43040C111
2026-06-20 11:57:21  [INFO    ]  services.video_service: Track #3 discarded (frames 26 < 5 or detections 1 < 3)
2026-06-20 11:57:21  [INFO    ]  services.video_service: Track #4 finished. Total frames=27, OCR detections=1, ocr_results=['13040C111'], voted=13040C111
2026-06-20 11:57:21  [INFO    ]  services.video_service: Track #4 discarded (frames 27 < 5 or detections 1 < 3)
2026-06-20 11:57:25  [INFO    ]  services.video_service: Track #5 finished. Total frames=76, OCR detections=6, ocr_results=['43040C111', '43040C111', '43040C111', '43040C111', '43040C111', '43040C111'], voted=43040C111
2026-06-20 11:57:25  [INFO    ]  database.db_handler: Logged → plate=43040C111  event=OUT  time=2026-06-20 11:57:25
2026-06-20 11:57:26  [INFO    ]  services.video_service: Track #6 finished. Total frames=35, OCR detections=2, ocr_results=['32195H828', '32195H828'], voted=32195H828
2026-06-20 11:57:26  [INFO    ]  services.video_service: Track #6 discarded (frames 35 < 5 or detections 2 < 3)
2026-06-20 11:57:31  [INFO    ]  services.video_service: Track #8 finished. Total frames=27, OCR detections=1, ocr_results=['32195H828'], voted=32195H828
2026-06-20 11:57:31  [INFO    ]  services.video_service: Track #8 discarded (frames 27 < 5 or detections 1 < 3)
2026-06-20 11:57:33  [INFO    ]  services.video_service: Track #7 finished. Total frames=128, OCR detections=10, ocr_results=['43040C111', '43040C111', '43040C111', '43040C111', '43040C11', '43040C111', '43040CC111', '43040C11', '43040C111', '43040C111'], voted=43040C111
2026-06-20 11:57:33  [INFO    ]  database.db_handler: Logged → plate=43040C111  event=IN  time=2026-06-20 11:57:33
2026-06-20 11:57:34  [INFO    ]  services.video_service: Track #9 finished. Total frames=38, OCR detections=2, ocr_results=['2195H88', '32195H828'], voted=2195H88
2026-06-20 11:57:34  [INFO    ]  services.video_service: Track #9 discarded (frames 38 < 5 or detections 2 < 3)
2026-06-20 11:57:35  [INFO    ]  services.video_service: Track #10 finished. Total frames=27, OCR detections=1, ocr_results=['43040C111'], voted=43040C111
2026-06-20 11:57:35  [INFO    ]  services.video_service: Track #10 discarded (frames 27 < 5 or detections 1 < 3)
2026-06-20 11:57:35  [INFO    ]  services.video_service: Track #11 finished. Total frames=27, OCR detections=1, ocr_results=['32195H828'], voted=32195H828
2026-06-20 11:57:35  [INFO    ]  services.video_service: Track #11 discarded (frames 27 < 5 or detections 1 < 3)
2026-06-20 11:57:36  [INFO    ]  services.video_service: Track #12 finished. Total frames=26, OCR detections=1, ocr_results=['321955H828'], voted=321955H828
2026-06-20 11:57:36  [INFO    ]  services.video_service: Track #12 discarded (frames 26 < 5 or detections 1 < 3)
2026-06-20 11:57:38  [INFO    ]  services.video_service: Track #14 finished. Total frames=28, OCR detections=1, ocr_results=['43040C111'], voted=43040C111
2026-06-20 11:57:38  [INFO    ]  services.video_service: Track #14 discarded (frames 28 < 5 or detections 1 < 3)
2026-06-20 11:57:39  [INFO    ]  services.video_service: Track #15 finished. Total frames=29, OCR detections=1, ocr_results=['34400S111'], voted=34400S111
2026-06-20 11:57:39  [INFO    ]  services.video_service: Track #15 discarded (frames 29 < 5 or detections 1 < 3)
2026-06-20 11:57:40  [INFO    ]  services.video_service: Track #13 finished. Total frames=89, OCR detections=5, ocr_results=['32195H828', '32195H828', '32195H828', '32195H828', '32195H828'], voted=32195H828
2026-06-20 11:57:40  [INFO    ]  database.db_handler: Logged → plate=32195H828  event=IN  time=2026-06-20 11:57:40
2026-06-20 11:57:45  [INFO    ]  services.video_service: Video service stopped.
2026-06-20 11:57:45  [INFO    ]  gui.app: VideoService stopped.
2026-06-20 11:57:45  [INFO    ]  services.video_service: Video capture released.
2026-06-20 11:58:09  [INFO    ]  database.db_handler: All logs cleared and ID auto-increment reset.
2026-06-20 11:58:09  [INFO    ]  gui.app: All logs cleared by user.
2026-06-20 11:58:11  [INFO    ]  services.video_service: Video path set: C:/Users/phuon/OneDrive/Máy tính/ĐA TGMT/videos/test_video_2.mp4
2026-06-20 11:58:11  [INFO    ]  services.video_service: Video service thread started.
2026-06-20 11:58:11  [INFO    ]  gui.app: VideoService started for: C:/Users/phuon/OneDrive/Máy tính/ĐA TGMT/videos/test_video_2.mp4
2026-06-20 11:58:11  [INFO    ]  services.video_service: Video opened. FPS=30.0, path=C:/Users/phuon/OneDrive/Máy tính/ĐA TGMT/videos/test_video_2.mp4
2026-06-20 11:58:15  [INFO    ]  services.video_service: Track #1 finished. Total frames=70, OCR detections=5, ocr_results=['32195H828', '32195H828', '32195H28', '32195H828', '32195H828'], voted=32195H828
2026-06-20 11:58:15  [INFO    ]  database.db_handler: Logged → plate=32195H828  event=IN  time=2026-06-20 11:58:15
2026-06-20 11:58:16  [INFO    ]  services.video_service: Track #2 finished. Total frames=30, OCR detections=1, ocr_results=['3400C111'], voted=3400C111
2026-06-20 11:58:16  [INFO    ]  services.video_service: Track #2 discarded (frames 30 < 5 or detections 1 < 3)
2026-06-20 11:58:16  [INFO    ]  services.video_service: Track #3 finished. Total frames=28, OCR detections=1, ocr_results=['43040C111'], voted=43040C111
2026-06-20 11:58:16  [INFO    ]  services.video_service: Track #3 discarded (frames 28 < 5 or detections 1 < 3)
2026-06-20 11:58:17  [INFO    ]  services.video_service: Track #4 finished. Total frames=29, OCR detections=1, ocr_results=['13040C111'], voted=13040C111
2026-06-20 11:58:17  [INFO    ]  services.video_service: Track #4 discarded (frames 29 < 5 or detections 1 < 3)
2026-06-20 11:58:20  [INFO    ]  services.video_service: Track #5 finished. Total frames=78, OCR detections=6, ocr_results=['43040C111', '43040C111', '43040C111', '43040C111', '43040C111', '43040C111'], voted=43040C111
2026-06-20 11:58:20  [INFO    ]  database.db_handler: Logged → plate=43040C111  event=IN  time=2026-06-20 11:58:20
2026-06-20 11:58:21  [INFO    ]  services.video_service: Track #6 finished. Total frames=38, OCR detections=2, ocr_results=['32195H828', '32195H828'], voted=32195H828
2026-06-20 11:58:21  [INFO    ]  services.video_service: Track #6 discarded (frames 38 < 5 or detections 2 < 3)
2026-06-20 11:58:26  [INFO    ]  services.video_service: Track #8 finished. Total frames=29, OCR detections=1, ocr_results=['32195H828'], voted=32195H828
2026-06-20 11:58:26  [INFO    ]  services.video_service: Track #8 discarded (frames 29 < 5 or detections 1 < 3)
2026-06-20 11:58:27  [INFO    ]  services.video_service: Track #7 finished. Total frames=130, OCR detections=10, ocr_results=['43040C111', '43040C111', '43040C111', '43040C111', '43040C11', '43040C111', '43040CC111', '43040C11', '43040C111', '43040C111'], voted=43040C111
2026-06-20 11:58:27  [INFO    ]  database.db_handler: Logged → plate=43040C111  event=OUT  time=2026-06-20 11:58:27
2026-06-20 11:58:29  [INFO    ]  services.video_service: Track #9 finished. Total frames=39, OCR detections=2, ocr_results=['2195H88', '32195H828'], voted=2195H88
2026-06-20 11:58:29  [INFO    ]  services.video_service: Track #9 discarded (frames 39 < 5 or detections 2 < 3)
2026-06-20 11:58:29  [INFO    ]  services.video_service: Track #10 finished. Total frames=29, OCR detections=1, ocr_results=['43040C111'], voted=43040C111
2026-06-20 11:58:29  [INFO    ]  services.video_service: Track #10 discarded (frames 29 < 5 or detections 1 < 3)
2026-06-20 11:58:30  [INFO    ]  services.video_service: Track #11 finished. Total frames=28, OCR detections=1, ocr_results=['32195H828'], voted=32195H828
2026-06-20 11:58:30  [INFO    ]  services.video_service: Track #11 discarded (frames 28 < 5 or detections 1 < 3)
2026-06-20 11:58:30  [INFO    ]  services.video_service: Track #12 finished. Total frames=29, OCR detections=1, ocr_results=['321955H828'], voted=321955H828
2026-06-20 11:58:30  [INFO    ]  services.video_service: Track #12 discarded (frames 29 < 5 or detections 1 < 3)
2026-06-20 11:58:31  [INFO    ]  services.video_service: Track #13 finished. Total frames=30, OCR detections=3, ocr_results=['32195H828', '32195H828', '32195H828'], voted=32195H828
2026-06-20 11:58:31  [INFO    ]  database.db_handler: Logged → plate=32195H828  event=OUT  time=2026-06-20 11:58:31
2026-06-20 11:58:36  [INFO    ]  services.video_service: Video service stopped.
2026-06-20 11:58:36  [INFO    ]  gui.app: VideoService stopped.
2026-06-20 11:58:36  [INFO    ]  services.video_service: Video capture released.
